[CICLO 1]
ALTA   -   PAC048  (Ana Clara Castro)
INTERNADO   -   PAC048  (Ana Clara Castro)
ESPERA   -   PAC039  (Luiz Miguel Santos)
ESPERA   -   PAC042  (Gustavo Henrique Melo)
ESPERA   -   PAC007  (Ana Laura Nogueira)
ESPERA   -   PAC032  (Caio Novaes)
ESPERA   -   PAC016  (Noah Pires)
ESPERA   -   PAC008  (Ana Clara Carvalho)
ESPERA   -   PAC048  (Ana Clara Castro)
ESPERA   -   PAC031  (Isaac da Costa)
ESPERA   -   PAC044  (Giovanna Cavalcanti)
ESPERA   -   PAC050  (João Guilherme Cardoso)
ESPERA   -   PAC015  (Francisco Moraes)
ESPERA   -   PAC002  (Beatriz Gomes)
ESPERA   -   PAC037  (Luiz Miguel da Conceição)
ESPERA   -   PAC049  (Bruno Moraes)
ESPERA   -   PAC020  (Rafaela Peixoto)
ESPERA   -   PAC019  (Sofia Peixoto)
ESPERA   -   PAC004  (Manuela Ferreira)
ESPERA   -   PAC017  (Mirella Fernandes)
ESPERA   -   PAC021  (Samuel da Cruz)
ESPERA   -   PAC038  (Enzo Gabriel Costela)
