
[CICLO 1]
ESPERA   -   PAC034  (Luiz Felipe Novaes)
ESPERA   -   PAC022  (Lucas Gabriel Barros)
ESPERA   -   PAC004  (Manuela Ferreira)
ESPERA   -   PAC041  (Luiz Felipe Ferreira)
ESPERA   -   PAC049  (Bruno Moraes)
ESPERA   -   PAC036  (Luna Martins)
ESPERA   -   PAC003  (Nina Melo)
ESPERA   -   PAC026  (Maria Sales)
ESPERA   -   PAC037  (Luiz Miguel da Conceição)
ESPERA   -   PAC040  (Vitória Nogueira)
ESPERA   -   PAC011  (Benício Castro)
ESPERA   -   PAC017  (Mirella Fernandes)
ESPERA   -   PAC006  (Calebe Jesus)
ESPERA   -   PAC010  (Maria Sophia Melo)
ESPERA   -   PAC044  (Giovanna Cavalcanti)
ESPERA   -   PAC031  (Isaac da Costa)
ESPERA   -   PAC009  (Eduarda da Rosa)
ESPERA   -   PAC023  (Enrico Alves)
ESPERA   -   PAC018  (Emilly Cunha)
ESPERA   -   PAC027  (Daniel da Costa)

[CICLO 2]
INTERNADO   -   PAC034  (Luiz Felipe Novaes)
ESPERA   -   PAC038  (Enzo Gabriel Costela)

[CICLO 3]
ALTA   -   PAC034  (Luiz Felipe Novaes)
INTERNADO   -   PAC004  (Manuela Ferreira)
ESPERA   -   PAC014  (Fernanda Monteiro)

[CICLO 4]
ALTA   -   PAC004  (Manuela Ferreira)
INTERNADO   -   PAC014  (Fernanda Monteiro)
ESPERA   -   PAC047  (Bryan Santos)

[CICLO 5]
ALTA   -   PAC014  (Fernanda Monteiro)
INTERNADO   -   PAC036  (Luna Martins)
ESPERA   -   PAC043  (Arthur Rezende)

[CICLO 6]
ALTA   -   PAC036  (Luna Martins)
INTERNADO   -   PAC040  (Vitória Nogueira)
ESPERA   -   PAC007  (Ana Laura Nogueira)

[CICLO 7]
INTERNADO   -   PAC011  (Benício Castro)
ESPERA   -   PAC020  (Rafaela Peixoto)

[CICLO 8]
INTERNADO   -   PAC020  (Rafaela Peixoto)
ESPERA   -   PAC019  (Sofia Peixoto)
